<?xml version="1.0" encoding="UTF-8"?>
<testng-results skipped="0" failed="0" ignored="0" total="1" passed="1">
  <reporter-output>
  </reporter-output>
  <suite name="Suite" duration-ms="31842" started-at="2019-12-28T09:53:59 IST" finished-at="2019-12-28T09:54:31 IST">
    <groups>
    </groups>
    <test name="Test" duration-ms="31842" started-at="2019-12-28T09:53:59 IST" finished-at="2019-12-28T09:54:31 IST">
      <class name="com.qa.test.HRM_Login">
        <test-method status="PASS" signature="login()[pri:0, instance:com.qa.test.HRM_Login@731a74c]" name="login" duration-ms="31732" started-at="2019-12-28T09:53:59 IST" finished-at="2019-12-28T09:54:30 IST">
          <reporter-output>
          </reporter-output>
        </test-method> <!-- login -->
      </class> <!-- com.qa.test.HRM_Login -->
    </test> <!-- Test -->
  </suite> <!-- Suite -->
</testng-results>
